-------------------------------------------------------------------------------
Test set: com.example.demo.AgenciaApplicationTests
-------------------------------------------------------------------------------
Tests run: 1, Failures: 0, Errors: 1, Skipped: 0, Time elapsed: 0.374 s <<< FAILURE! - in com.example.demo.AgenciaApplicationTests
com.example.demo.AgenciaApplicationTests  Time elapsed: 0.372 s  <<< ERROR!
java.lang.IllegalStateException: Unable to find a @SpringBootConfiguration, you need to use @ContextConfiguration or @SpringBootTest(classes=...) with your test

